[2023-06-16 12:51:42.377 +05:30  ERR]  The view 'MedicalList' was not found. Searched locations: ["/Views/Medical/MedicalList.en-US.en-US.cshtml","/Views/Medical/MedicalList.en.en-US.cshtml","/Views/Medical/MedicalList.en-US.cshtml","/Views/Medical/MedicalList.en-US.en.cshtml","/Views/Medical/MedicalList.en.en.cshtml","/Views/Medical/MedicalList.en.cshtml","/Views/Medical/MedicalList.en-US.cshtml","/Views/Medical/MedicalList.en.cshtml","/Views/Medical/MedicalList.cshtml","/Views/Shared/MedicalList.en-US.en-US.cshtml","/Views/Shared/MedicalList.en.en-US.cshtml","/Views/Shared/MedicalList.en-US.cshtml","/Views/Shared/MedicalList.en-US.en.cshtml","/Views/Shared/MedicalList.en.en.cshtml","/Views/Shared/MedicalList.en.cshtml","/Views/Shared/MedicalList.en-US.cshtml","/Views/Shared/MedicalList.en.cshtml","/Views/Shared/MedicalList.cshtml","/Pages/Shared/MedicalList.en-US.en-US.cshtml","/Pages/Shared/MedicalList.en.en-US.cshtml","/Pages/Shared/MedicalList.en-US.cshtml","/Pages/Shared/MedicalList.en-US.en.cshtml","/Pages/Shared/MedicalList.en.en.cshtml","/Pages/Shared/MedicalList.en.cshtml","/Pages/Shared/MedicalList.en-US.cshtml","/Pages/Shared/MedicalList.en.cshtml","/Pages/Shared/MedicalList.cshtml"]
[2023-06-16 12:51:42.680 +05:30  ERR]  An unhandled exception has occurred while executing the request.
System.InvalidOperationException: The view 'MedicalList' was not found. The following locations were searched:
/Views/Medical/MedicalList.en-US.en-US.cshtml
/Views/Medical/MedicalList.en.en-US.cshtml
/Views/Medical/MedicalList.en-US.cshtml
/Views/Medical/MedicalList.en-US.en.cshtml
/Views/Medical/MedicalList.en.en.cshtml
/Views/Medical/MedicalList.en.cshtml
/Views/Medical/MedicalList.en-US.cshtml
/Views/Medical/MedicalList.en.cshtml
/Views/Medical/MedicalList.cshtml
/Views/Shared/MedicalList.en-US.en-US.cshtml
/Views/Shared/MedicalList.en.en-US.cshtml
/Views/Shared/MedicalList.en-US.cshtml
/Views/Shared/MedicalList.en-US.en.cshtml
/Views/Shared/MedicalList.en.en.cshtml
/Views/Shared/MedicalList.en.cshtml
/Views/Shared/MedicalList.en-US.cshtml
/Views/Shared/MedicalList.en.cshtml
/Views/Shared/MedicalList.cshtml
/Pages/Shared/MedicalList.en-US.en-US.cshtml
/Pages/Shared/MedicalList.en.en-US.cshtml
/Pages/Shared/MedicalList.en-US.cshtml
/Pages/Shared/MedicalList.en-US.en.cshtml
/Pages/Shared/MedicalList.en.en.cshtml
/Pages/Shared/MedicalList.en.cshtml
/Pages/Shared/MedicalList.en-US.cshtml
/Pages/Shared/MedicalList.en.cshtml
/Pages/Shared/MedicalList.cshtml
   at Microsoft.AspNetCore.Mvc.ViewEngines.ViewEngineResult.EnsureSuccessful(IEnumerable`1 originalLocations)
   at Microsoft.AspNetCore.Mvc.ViewFeatures.ViewResultExecutor.ExecuteAsync(ActionContext context, ViewResult result)
   at Microsoft.AspNetCore.Mvc.ViewResult.ExecuteResultAsync(ActionContext context)
   at Microsoft.AspNetCore.Mvc.Infrastructure.ResourceInvoker.<InvokeNextResultFilterAsync>g__Awaited|30_0[TFilter,TFilterAsync](ResourceInvoker invoker, Task lastTask, State next, Scope scope, Object state, Boolean isCompleted)
   at Microsoft.AspNetCore.Mvc.Infrastructure.ResourceInvoker.Rethrow(ResultExecutedContextSealed context)
   at Microsoft.AspNetCore.Mvc.Infrastructure.ResourceInvoker.ResultNext[TFilter,TFilterAsync](State& next, Scope& scope, Object& state, Boolean& isCompleted)
   at Microsoft.AspNetCore.Mvc.Infrastructure.ResourceInvoker.InvokeResultFilters()
--- End of stack trace from previous location ---
   at Microsoft.AspNetCore.Mvc.Infrastructure.ResourceInvoker.<InvokeNextResourceFilter>g__Awaited|25_0(ResourceInvoker invoker, Task lastTask, State next, Scope scope, Object state, Boolean isCompleted)
   at Microsoft.AspNetCore.Mvc.Infrastructure.ResourceInvoker.Rethrow(ResourceExecutedContextSealed context)
   at Microsoft.AspNetCore.Mvc.Infrastructure.ResourceInvoker.Next(State& next, Scope& scope, Object& state, Boolean& isCompleted)
   at Microsoft.AspNetCore.Mvc.Infrastructure.ResourceInvoker.InvokeFilterPipelineAsync()
--- End of stack trace from previous location ---
   at Microsoft.AspNetCore.Mvc.Infrastructure.ResourceInvoker.<InvokeAsync>g__Awaited|17_0(ResourceInvoker invoker, Task task, IDisposable scope)
   at Microsoft.AspNetCore.Mvc.Infrastructure.ResourceInvoker.<InvokeAsync>g__Awaited|17_0(ResourceInvoker invoker, Task task, IDisposable scope)
   at Microsoft.AspNetCore.Routing.EndpointMiddleware.<Invoke>g__AwaitRequestTask|6_0(Endpoint endpoint, Task requestTask, ILogger logger)
   at Microsoft.AspNetCore.Authorization.Policy.AuthorizationMiddlewareResultHandler.HandleAsync(RequestDelegate next, HttpContext context, AuthorizationPolicy policy, PolicyAuthorizationResult authorizeResult)
   at Microsoft.AspNetCore.Authorization.AuthorizationMiddleware.Invoke(HttpContext context)
   at Microsoft.AspNetCore.Authentication.AuthenticationMiddleware.Invoke(HttpContext context)
   at WebEssentials.AspNetCore.OutputCaching.OutputCacheMiddleware.ServeFromMvcAndCacheAsync(HttpContext context)
   at WebEssentials.AspNetCore.OutputCaching.OutputCacheMiddleware.InvokeAsync(HttpContext context)
   at Microsoft.AspNetCore.Session.SessionMiddleware.Invoke(HttpContext context)
   at Microsoft.AspNetCore.Session.SessionMiddleware.Invoke(HttpContext context)
   at Microsoft.AspNetCore.Diagnostics.DeveloperExceptionPageMiddleware.Invoke(HttpContext context)
[2023-06-16 12:52:12.647 +05:30  ERR]  The view 'MedicalList' was not found. Searched locations: ["/Views/Medical/MedicalList.en-US.en-US.cshtml","/Views/Medical/MedicalList.en.en-US.cshtml","/Views/Medical/MedicalList.en-US.cshtml","/Views/Medical/MedicalList.en-US.en.cshtml","/Views/Medical/MedicalList.en.en.cshtml","/Views/Medical/MedicalList.en.cshtml","/Views/Medical/MedicalList.en-US.cshtml","/Views/Medical/MedicalList.en.cshtml","/Views/Medical/MedicalList.cshtml","/Views/Shared/MedicalList.en-US.en-US.cshtml","/Views/Shared/MedicalList.en.en-US.cshtml","/Views/Shared/MedicalList.en-US.cshtml","/Views/Shared/MedicalList.en-US.en.cshtml","/Views/Shared/MedicalList.en.en.cshtml","/Views/Shared/MedicalList.en.cshtml","/Views/Shared/MedicalList.en-US.cshtml","/Views/Shared/MedicalList.en.cshtml","/Views/Shared/MedicalList.cshtml","/Pages/Shared/MedicalList.en-US.en-US.cshtml","/Pages/Shared/MedicalList.en.en-US.cshtml","/Pages/Shared/MedicalList.en-US.cshtml","/Pages/Shared/MedicalList.en-US.en.cshtml","/Pages/Shared/MedicalList.en.en.cshtml","/Pages/Shared/MedicalList.en.cshtml","/Pages/Shared/MedicalList.en-US.cshtml","/Pages/Shared/MedicalList.en.cshtml","/Pages/Shared/MedicalList.cshtml"]
[2023-06-16 12:52:12.651 +05:30  ERR]  An unhandled exception has occurred while executing the request.
System.InvalidOperationException: The view 'MedicalList' was not found. The following locations were searched:
/Views/Medical/MedicalList.en-US.en-US.cshtml
/Views/Medical/MedicalList.en.en-US.cshtml
/Views/Medical/MedicalList.en-US.cshtml
/Views/Medical/MedicalList.en-US.en.cshtml
/Views/Medical/MedicalList.en.en.cshtml
/Views/Medical/MedicalList.en.cshtml
/Views/Medical/MedicalList.en-US.cshtml
/Views/Medical/MedicalList.en.cshtml
/Views/Medical/MedicalList.cshtml
/Views/Shared/MedicalList.en-US.en-US.cshtml
/Views/Shared/MedicalList.en.en-US.cshtml
/Views/Shared/MedicalList.en-US.cshtml
/Views/Shared/MedicalList.en-US.en.cshtml
/Views/Shared/MedicalList.en.en.cshtml
/Views/Shared/MedicalList.en.cshtml
/Views/Shared/MedicalList.en-US.cshtml
/Views/Shared/MedicalList.en.cshtml
/Views/Shared/MedicalList.cshtml
/Pages/Shared/MedicalList.en-US.en-US.cshtml
/Pages/Shared/MedicalList.en.en-US.cshtml
/Pages/Shared/MedicalList.en-US.cshtml
/Pages/Shared/MedicalList.en-US.en.cshtml
/Pages/Shared/MedicalList.en.en.cshtml
/Pages/Shared/MedicalList.en.cshtml
/Pages/Shared/MedicalList.en-US.cshtml
/Pages/Shared/MedicalList.en.cshtml
/Pages/Shared/MedicalList.cshtml
   at Microsoft.AspNetCore.Mvc.ViewEngines.ViewEngineResult.EnsureSuccessful(IEnumerable`1 originalLocations)
   at Microsoft.AspNetCore.Mvc.ViewFeatures.ViewResultExecutor.ExecuteAsync(ActionContext context, ViewResult result)
   at Microsoft.AspNetCore.Mvc.ViewResult.ExecuteResultAsync(ActionContext context)
   at Microsoft.AspNetCore.Mvc.Infrastructure.ResourceInvoker.<InvokeNextResultFilterAsync>g__Awaited|30_0[TFilter,TFilterAsync](ResourceInvoker invoker, Task lastTask, State next, Scope scope, Object state, Boolean isCompleted)
   at Microsoft.AspNetCore.Mvc.Infrastructure.ResourceInvoker.Rethrow(ResultExecutedContextSealed context)
   at Microsoft.AspNetCore.Mvc.Infrastructure.ResourceInvoker.ResultNext[TFilter,TFilterAsync](State& next, Scope& scope, Object& state, Boolean& isCompleted)
   at Microsoft.AspNetCore.Mvc.Infrastructure.ResourceInvoker.InvokeResultFilters()
--- End of stack trace from previous location ---
   at Microsoft.AspNetCore.Mvc.Infrastructure.ResourceInvoker.<InvokeNextResourceFilter>g__Awaited|25_0(ResourceInvoker invoker, Task lastTask, State next, Scope scope, Object state, Boolean isCompleted)
   at Microsoft.AspNetCore.Mvc.Infrastructure.ResourceInvoker.Rethrow(ResourceExecutedContextSealed context)
   at Microsoft.AspNetCore.Mvc.Infrastructure.ResourceInvoker.Next(State& next, Scope& scope, Object& state, Boolean& isCompleted)
   at Microsoft.AspNetCore.Mvc.Infrastructure.ResourceInvoker.InvokeFilterPipelineAsync()
--- End of stack trace from previous location ---
   at Microsoft.AspNetCore.Mvc.Infrastructure.ResourceInvoker.<InvokeAsync>g__Awaited|17_0(ResourceInvoker invoker, Task task, IDisposable scope)
   at Microsoft.AspNetCore.Mvc.Infrastructure.ResourceInvoker.<InvokeAsync>g__Awaited|17_0(ResourceInvoker invoker, Task task, IDisposable scope)
   at Microsoft.AspNetCore.Routing.EndpointMiddleware.<Invoke>g__AwaitRequestTask|6_0(Endpoint endpoint, Task requestTask, ILogger logger)
   at Microsoft.AspNetCore.Authorization.Policy.AuthorizationMiddlewareResultHandler.HandleAsync(RequestDelegate next, HttpContext context, AuthorizationPolicy policy, PolicyAuthorizationResult authorizeResult)
   at Microsoft.AspNetCore.Authorization.AuthorizationMiddleware.Invoke(HttpContext context)
   at Microsoft.AspNetCore.Authentication.AuthenticationMiddleware.Invoke(HttpContext context)
   at WebEssentials.AspNetCore.OutputCaching.OutputCacheMiddleware.ServeFromMvcAndCacheAsync(HttpContext context)
   at WebEssentials.AspNetCore.OutputCaching.OutputCacheMiddleware.InvokeAsync(HttpContext context)
   at Microsoft.AspNetCore.Session.SessionMiddleware.Invoke(HttpContext context)
   at Microsoft.AspNetCore.Session.SessionMiddleware.Invoke(HttpContext context)
   at Microsoft.AspNetCore.Diagnostics.DeveloperExceptionPageMiddleware.Invoke(HttpContext context)
