[2023-05-17 11:55:08.958 +05:30  INF]  ERROR:Notifications/GetFilteredNotifications:System.Data.SqlClient.SqlException (0x80131904): A network-related or instance-specific error occurred while establishing a connection to SQL Server. The server was not found or was not accessible. Verify that the instance name is correct and that SQL Server is configured to allow remote connections. (provider: Named Pipes Provider, error: 40 - Could not open a connection to SQL Server)
 ---> System.ComponentModel.Win32Exception (53): The network path was not found.
   at EmcureNPD.Data.DataAccess.Core.Repositories.Repository`1.GetBySP(String CommandText, CommandType commandType, SqlParameter[] sqlParameters) in D:\work\EmcureGITRepo\EmcureNPD\NPD\EmcureNPD.Data.DataAccess\Core\Repositories\Repository.cs:line 1033
   at EmcureNPD.Business.Core.Implementation.NotificationService.GetFilteredNotifications(String ColumnName, String SortDir, Int32 start, Int32 length, Int32 RoleId) in D:\work\EmcureGITRepo\EmcureNPD\NPD\EmcureNPD.Business.Core\Implementation\NotificationService.cs:line 103
   at EmcureNPD.API.Controllers.Notificaiton.NotificationController.GetFilteredNotifications(String ColumnName, String SortDir, Int32 start, Int32 length, Int32 RoleId) in D:\work\EmcureGITRepo\EmcureNPD\NPD\EmcureNPD.API\Controllers\Notificaiton\NotificationController.cs:line 79
ClientConnectionId:00000000-0000-0000-0000-000000000000
Error Number:53,State:0,Class:20
[2023-05-17 12:26:07.869 +05:30  INF]  ERROR:Notifications/GetFilteredNotifications:System.Data.SqlClient.SqlException (0x80131904): A network-related or instance-specific error occurred while establishing a connection to SQL Server. The server was not found or was not accessible. Verify that the instance name is correct and that SQL Server is configured to allow remote connections. (provider: Named Pipes Provider, error: 40 - Could not open a connection to SQL Server)
 ---> System.ComponentModel.Win32Exception (53): The network path was not found.
   at EmcureNPD.Data.DataAccess.Core.Repositories.Repository`1.GetBySP(String CommandText, CommandType commandType, SqlParameter[] sqlParameters) in D:\work\EmcureGITRepo\EmcureNPD\NPD\EmcureNPD.Data.DataAccess\Core\Repositories\Repository.cs:line 1033
   at EmcureNPD.Business.Core.Implementation.NotificationService.GetFilteredNotifications(String ColumnName, String SortDir, Int32 start, Int32 length, Int32 RoleId) in D:\work\EmcureGITRepo\EmcureNPD\NPD\EmcureNPD.Business.Core\Implementation\NotificationService.cs:line 103
   at EmcureNPD.API.Controllers.Notificaiton.NotificationController.GetFilteredNotifications(String ColumnName, String SortDir, Int32 start, Int32 length, Int32 RoleId) in D:\work\EmcureGITRepo\EmcureNPD\NPD\EmcureNPD.API\Controllers\Notificaiton\NotificationController.cs:line 79
ClientConnectionId:00000000-0000-0000-0000-000000000000
Error Number:53,State:0,Class:20
[2023-05-17 12:28:24.433 +05:30  INF]  ERROR:Notifications/GetFilteredNotifications:System.Data.SqlClient.SqlException (0x80131904): Connection Timeout Expired.  The timeout period elapsed during the post-login phase.  The connection could have timed out while waiting for server to complete the login process and respond; Or it could have timed out while attempting to create multiple active connections.  The duration spent while attempting to connect to this server was - [Pre-Login] initialization=567; handshake=10015; [Login] initialization=0; authentication=0; [Post-Login] complete=19014; 
 ---> System.ComponentModel.Win32Exception (258): The wait operation timed out.
   at EmcureNPD.Data.DataAccess.Core.Repositories.Repository`1.GetBySP(String CommandText, CommandType commandType, SqlParameter[] sqlParameters) in D:\work\EmcureGITRepo\EmcureNPD\NPD\EmcureNPD.Data.DataAccess\Core\Repositories\Repository.cs:line 1033
   at EmcureNPD.Business.Core.Implementation.NotificationService.GetFilteredNotifications(String ColumnName, String SortDir, Int32 start, Int32 length, Int32 RoleId) in D:\work\EmcureGITRepo\EmcureNPD\NPD\EmcureNPD.Business.Core\Implementation\NotificationService.cs:line 103
   at EmcureNPD.API.Controllers.Notificaiton.NotificationController.GetFilteredNotifications(String ColumnName, String SortDir, Int32 start, Int32 length, Int32 RoleId) in D:\work\EmcureGITRepo\EmcureNPD\NPD\EmcureNPD.API\Controllers\Notificaiton\NotificationController.cs:line 79
ClientConnectionId:384ff68e-fe20-4dfa-a97f-862c3d3832a2
Error Number:-2,State:0,Class:11
[2023-05-17 12:35:19.091 +05:30  INF]  ERROR:Notifications/GetFilteredNotifications:System.Data.SqlClient.SqlException (0x80131904): A connection was successfully established with the server, but then an error occurred during the pre-login handshake. (provider: SSL Provider, error: 0 - The wait operation timed out.)
 ---> System.ComponentModel.Win32Exception (258): The wait operation timed out.
   at EmcureNPD.Data.DataAccess.Core.Repositories.Repository`1.GetBySP(String CommandText, CommandType commandType, SqlParameter[] sqlParameters) in D:\work\EmcureGITRepo\EmcureNPD\NPD\EmcureNPD.Data.DataAccess\Core\Repositories\Repository.cs:line 1033
   at EmcureNPD.Business.Core.Implementation.NotificationService.GetFilteredNotifications(String ColumnName, String SortDir, Int32 start, Int32 length, Int32 RoleId) in D:\work\EmcureGITRepo\EmcureNPD\NPD\EmcureNPD.Business.Core\Implementation\NotificationService.cs:line 103
   at EmcureNPD.API.Controllers.Notificaiton.NotificationController.GetFilteredNotifications(String ColumnName, String SortDir, Int32 start, Int32 length, Int32 RoleId) in D:\work\EmcureGITRepo\EmcureNPD\NPD\EmcureNPD.API\Controllers\Notificaiton\NotificationController.cs:line 79
ClientConnectionId:d25eaa5f-7bf6-4735-8dee-e8c1d8a06cf4
Error Number:258,State:0,Class:20
[2023-05-17 12:35:27.855 +05:30  INF]  ERROR:Notifications/GetFilteredNotifications:System.Data.SqlClient.SqlException (0x80131904): Connection Timeout Expired.  The timeout period elapsed during the post-login phase.  The connection could have timed out while waiting for server to complete the login process and respond; Or it could have timed out while attempting to create multiple active connections.  The duration spent while attempting to connect to this server was - [Pre-Login] initialization=3467; handshake=3207; [Login] initialization=0; authentication=0; [Post-Login] complete=23010; 
 ---> System.ComponentModel.Win32Exception (258): The wait operation timed out.
   at EmcureNPD.Data.DataAccess.Core.Repositories.Repository`1.GetBySP(String CommandText, CommandType commandType, SqlParameter[] sqlParameters) in D:\work\EmcureGITRepo\EmcureNPD\NPD\EmcureNPD.Data.DataAccess\Core\Repositories\Repository.cs:line 1033
   at EmcureNPD.Business.Core.Implementation.NotificationService.NotificationCountForUser() in D:\work\EmcureGITRepo\EmcureNPD\NPD\EmcureNPD.Business.Core\Implementation\NotificationService.cs:line 206
   at EmcureNPD.API.Controllers.Notificaiton.NotificationController.NotificationsCountUser() in D:\work\EmcureGITRepo\EmcureNPD\NPD\EmcureNPD.API\Controllers\Notificaiton\NotificationController.cs:line 109
ClientConnectionId:25a207a2-5865-4b75-8612-f5ab4035d21a
Error Number:-2,State:0,Class:11
[2023-05-17 12:54:23.368 +05:30  INF]  ERROR:Notifications/GetFilteredNotifications:System.Data.SqlClient.SqlException (0x80131904): A network-related or instance-specific error occurred while establishing a connection to SQL Server. The server was not found or was not accessible. Verify that the instance name is correct and that SQL Server is configured to allow remote connections. (provider: Named Pipes Provider, error: 40 - Could not open a connection to SQL Server)
 ---> System.ComponentModel.Win32Exception (53): The network path was not found.
   at EmcureNPD.Data.DataAccess.Core.Repositories.Repository`1.GetBySP(String CommandText, CommandType commandType, SqlParameter[] sqlParameters) in D:\work\EmcureGITRepo\EmcureNPD\NPD\EmcureNPD.Data.DataAccess\Core\Repositories\Repository.cs:line 1033
   at EmcureNPD.Business.Core.Implementation.NotificationService.GetFilteredNotifications(String ColumnName, String SortDir, Int32 start, Int32 length, Int32 RoleId) in D:\work\EmcureGITRepo\EmcureNPD\NPD\EmcureNPD.Business.Core\Implementation\NotificationService.cs:line 103
   at EmcureNPD.API.Controllers.Notificaiton.NotificationController.GetFilteredNotifications(String ColumnName, String SortDir, Int32 start, Int32 length, Int32 RoleId) in D:\work\EmcureGITRepo\EmcureNPD\NPD\EmcureNPD.API\Controllers\Notificaiton\NotificationController.cs:line 79
ClientConnectionId:00000000-0000-0000-0000-000000000000
Error Number:53,State:0,Class:20
[2023-05-17 12:54:23.800 +05:30  INF]  ERROR:Notifications/GetFilteredNotifications:System.Data.SqlClient.SqlException (0x80131904): A network-related or instance-specific error occurred while establishing a connection to SQL Server. The server was not found or was not accessible. Verify that the instance name is correct and that SQL Server is configured to allow remote connections. (provider: Named Pipes Provider, error: 40 - Could not open a connection to SQL Server)
 ---> System.ComponentModel.Win32Exception (53): The network path was not found.
   at EmcureNPD.Data.DataAccess.Core.Repositories.Repository`1.GetBySP(String CommandText, CommandType commandType, SqlParameter[] sqlParameters) in D:\work\EmcureGITRepo\EmcureNPD\NPD\EmcureNPD.Data.DataAccess\Core\Repositories\Repository.cs:line 1033
   at EmcureNPD.Business.Core.Implementation.NotificationService.NotificationCountForUser() in D:\work\EmcureGITRepo\EmcureNPD\NPD\EmcureNPD.Business.Core\Implementation\NotificationService.cs:line 206
   at EmcureNPD.API.Controllers.Notificaiton.NotificationController.NotificationsCountUser() in D:\work\EmcureGITRepo\EmcureNPD\NPD\EmcureNPD.API\Controllers\Notificaiton\NotificationController.cs:line 109
ClientConnectionId:00000000-0000-0000-0000-000000000000
Error Number:53,State:0,Class:20
[2023-05-17 13:12:21.215 +05:30  INF]  ERROR:Notifications/GetFilteredNotifications:System.InvalidOperationException: Timeout expired.  The timeout period elapsed prior to obtaining a connection from the pool.  This may have occurred because all pooled connections were in use and max pool size was reached.
   at EmcureNPD.Data.DataAccess.Core.Repositories.Repository`1.GetBySP(String CommandText, CommandType commandType, SqlParameter[] sqlParameters) in D:\work\EmcureGITRepo\EmcureNPD\NPD\EmcureNPD.Data.DataAccess\Core\Repositories\Repository.cs:line 1033
   at EmcureNPD.Business.Core.Implementation.NotificationService.GetFilteredNotifications(String ColumnName, String SortDir, Int32 start, Int32 length, Int32 RoleId) in D:\work\EmcureGITRepo\EmcureNPD\NPD\EmcureNPD.Business.Core\Implementation\NotificationService.cs:line 103
   at EmcureNPD.API.Controllers.Notificaiton.NotificationController.GetFilteredNotifications(String ColumnName, String SortDir, Int32 start, Int32 length, Int32 RoleId) in D:\work\EmcureGITRepo\EmcureNPD\NPD\EmcureNPD.API\Controllers\Notificaiton\NotificationController.cs:line 79
[2023-05-17 13:12:27.087 +05:30  INF]  ERROR:Notifications/GetFilteredNotifications:System.InvalidOperationException: Timeout expired.  The timeout period elapsed prior to obtaining a connection from the pool.  This may have occurred because all pooled connections were in use and max pool size was reached.
   at EmcureNPD.Data.DataAccess.Core.Repositories.Repository`1.GetBySP(String CommandText, CommandType commandType, SqlParameter[] sqlParameters) in D:\work\EmcureGITRepo\EmcureNPD\NPD\EmcureNPD.Data.DataAccess\Core\Repositories\Repository.cs:line 1033
   at EmcureNPD.Business.Core.Implementation.NotificationService.NotificationCountForUser() in D:\work\EmcureGITRepo\EmcureNPD\NPD\EmcureNPD.Business.Core\Implementation\NotificationService.cs:line 206
   at EmcureNPD.API.Controllers.Notificaiton.NotificationController.NotificationsCountUser() in D:\work\EmcureGITRepo\EmcureNPD\NPD\EmcureNPD.API\Controllers\Notificaiton\NotificationController.cs:line 109
