[2023-09-20 14:15:27.322 +05:30  ERR]  An unhandled exception has occurred while executing the request.
Newtonsoft.Json.JsonSerializationException: Error getting value from 'Result' on 'System.Threading.Tasks.Task`1[System.Object]'.
 ---> System.AggregateException: One or more errors occurred. (A network-related or instance-specific error occurred while establishing a connection to SQL Server. The server was not found or was not accessible. Verify that the instance name is correct and that SQL Server is configured to allow remote connections. (provider: Named Pipes Provider, error: 40 - Could not open a connection to SQL Server))
 ---> System.Data.SqlClient.SqlException (0x80131904): A network-related or instance-specific error occurred while establishing a connection to SQL Server. The server was not found or was not accessible. Verify that the instance name is correct and that SQL Server is configured to allow remote connections. (provider: Named Pipes Provider, error: 40 - Could not open a connection to SQL Server)
 ---> System.ComponentModel.Win32Exception (53): The network path was not found.
   at EmcureNPD.Data.DataAccess.Core.Repositories.Repository`1.GetBySP(String CommandText, CommandType commandType, SqlParameter[] sqlParameters) in D:\work\EmcureGITRepo\EmcureNPD\NPD\EmcureNPD.Data.DataAccess\Core\Repositories\Repository.cs:line 1033
   at EmcureNPD.Business.Core.ServiceImplementations.MasterBusinessUnitService.GetActiveBusinessUnit() in D:\work\EmcureGITRepo\EmcureNPD\NPD\EmcureNPD.Business.Core\Implementation\MasterBusinessUnitService.cs:line 195
ClientConnectionId:00000000-0000-0000-0000-000000000000
Error Number:53,State:0,Class:20
   --- End of inner exception stack trace ---
   at System.Threading.Tasks.Task.ThrowIfExceptional(Boolean includeTaskCanceledExceptions)
   at System.Threading.Tasks.Task`1.GetResultCore(Boolean waitCompletionNotification)
   at Newtonsoft.Json.Serialization.ExpressionValueProvider.GetValue(Object target)
   --- End of inner exception stack trace ---
   at Newtonsoft.Json.Serialization.ExpressionValueProvider.GetValue(Object target)
   at Newtonsoft.Json.Serialization.JsonSerializerInternalWriter.CalculatePropertyValues(JsonWriter writer, Object value, JsonContainerContract contract, JsonProperty member, JsonProperty property, JsonContract& memberContract, Object& memberValue)
   at Newtonsoft.Json.Serialization.JsonSerializerInternalWriter.SerializeObject(JsonWriter writer, Object value, JsonObjectContract contract, JsonProperty member, JsonContainerContract collectionContract, JsonProperty containerProperty)
   at Newtonsoft.Json.Serialization.JsonSerializerInternalWriter.SerializeObject(JsonWriter writer, Object value, JsonObjectContract contract, JsonProperty member, JsonContainerContract collectionContract, JsonProperty containerProperty)
   at Newtonsoft.Json.Serialization.JsonSerializerInternalWriter.Serialize(JsonWriter jsonWriter, Object value, Type objectType)
   at Newtonsoft.Json.JsonSerializer.SerializeInternal(JsonWriter jsonWriter, Object value, Type objectType)
   at Microsoft.AspNetCore.Mvc.Formatters.NewtonsoftJsonOutputFormatter.WriteResponseBodyAsync(OutputFormatterWriteContext context, Encoding selectedEncoding)
   at Microsoft.AspNetCore.Mvc.Formatters.NewtonsoftJsonOutputFormatter.WriteResponseBodyAsync(OutputFormatterWriteContext context, Encoding selectedEncoding)
   at Microsoft.AspNetCore.Mvc.Formatters.NewtonsoftJsonOutputFormatter.WriteResponseBodyAsync(OutputFormatterWriteContext context, Encoding selectedEncoding)
   at Microsoft.AspNetCore.Mvc.Infrastructure.ResourceInvoker.<InvokeNextResultFilterAsync>g__Awaited|30_0[TFilter,TFilterAsync](ResourceInvoker invoker, Task lastTask, State next, Scope scope, Object state, Boolean isCompleted)
   at Microsoft.AspNetCore.Mvc.Infrastructure.ResourceInvoker.Rethrow(ResultExecutedContextSealed context)
   at Microsoft.AspNetCore.Mvc.Infrastructure.ResourceInvoker.ResultNext[TFilter,TFilterAsync](State& next, Scope& scope, Object& state, Boolean& isCompleted)
   at Microsoft.AspNetCore.Mvc.Infrastructure.ResourceInvoker.InvokeResultFilters()
--- End of stack trace from previous location ---
   at Microsoft.AspNetCore.Mvc.Infrastructure.ResourceInvoker.<InvokeNextResourceFilter>g__Awaited|25_0(ResourceInvoker invoker, Task lastTask, State next, Scope scope, Object state, Boolean isCompleted)
   at Microsoft.AspNetCore.Mvc.Infrastructure.ResourceInvoker.Rethrow(ResourceExecutedContextSealed context)
   at Microsoft.AspNetCore.Mvc.Infrastructure.ResourceInvoker.Next(State& next, Scope& scope, Object& state, Boolean& isCompleted)
   at Microsoft.AspNetCore.Mvc.Infrastructure.ResourceInvoker.InvokeFilterPipelineAsync()
--- End of stack trace from previous location ---
   at Microsoft.AspNetCore.Mvc.Infrastructure.ResourceInvoker.<InvokeAsync>g__Awaited|17_0(ResourceInvoker invoker, Task task, IDisposable scope)
   at Microsoft.AspNetCore.Mvc.Infrastructure.ResourceInvoker.<InvokeAsync>g__Awaited|17_0(ResourceInvoker invoker, Task task, IDisposable scope)
   at Microsoft.AspNetCore.Routing.EndpointMiddleware.<Invoke>g__AwaitRequestTask|6_0(Endpoint endpoint, Task requestTask, ILogger logger)
   at EmcureNPD.API.Middlewares.JwtMiddleware.Invoke(HttpContext context, IMasterUserService userService, IConfiguration Configuration) in D:\work\EmcureGITRepo\EmcureNPD\NPD\EmcureNPD.API\Middlewares\JwtMiddleware.cs:line 33
   at Microsoft.AspNetCore.Authorization.AuthorizationMiddleware.Invoke(HttpContext context)
   at Microsoft.AspNetCore.Authentication.AuthenticationMiddleware.Invoke(HttpContext context)
   at Microsoft.AspNetCore.Localization.RequestLocalizationMiddleware.Invoke(HttpContext context)
   at WebEssentials.AspNetCore.OutputCaching.OutputCacheMiddleware.ServeFromMvcAndCacheAsync(HttpContext context)
   at WebEssentials.AspNetCore.OutputCaching.OutputCacheMiddleware.InvokeAsync(HttpContext context)
   at Swashbuckle.AspNetCore.SwaggerUI.SwaggerUIMiddleware.Invoke(HttpContext httpContext)
   at Swashbuckle.AspNetCore.Swagger.SwaggerMiddleware.Invoke(HttpContext httpContext, ISwaggerProvider swaggerProvider)
   at Microsoft.AspNetCore.Diagnostics.DeveloperExceptionPageMiddleware.Invoke(HttpContext context)
[2023-09-20 14:16:10.962 +05:30  INF]  ERROR:Notifications/GetFilteredNotifications:System.Data.SqlClient.SqlException (0x80131904): A network-related or instance-specific error occurred while establishing a connection to SQL Server. The server was not found or was not accessible. Verify that the instance name is correct and that SQL Server is configured to allow remote connections. (provider: Named Pipes Provider, error: 40 - Could not open a connection to SQL Server)
 ---> System.ComponentModel.Win32Exception (53): The network path was not found.
   at EmcureNPD.Data.DataAccess.Core.Repositories.Repository`1.GetBySP(String CommandText, CommandType commandType, SqlParameter[] sqlParameters) in D:\work\EmcureGITRepo\EmcureNPD\NPD\EmcureNPD.Data.DataAccess\Core\Repositories\Repository.cs:line 1033
   at EmcureNPD.Business.Core.Implementation.NotificationService.GetFilteredNotifications(String ColumnName, String SortDir, Int32 start, Int32 length, Int32 RoleId) in D:\work\EmcureGITRepo\EmcureNPD\NPD\EmcureNPD.Business.Core\Implementation\NotificationService.cs:line 116
   at EmcureNPD.API.Controllers.Notificaiton.NotificationController.GetFilteredNotifications(String ColumnName, String SortDir, Int32 start, Int32 length, Int32 RoleId) in D:\work\EmcureGITRepo\EmcureNPD\NPD\EmcureNPD.API\Controllers\Notificaiton\NotificationController.cs:line 79
ClientConnectionId:00000000-0000-0000-0000-000000000000
Error Number:53,State:0,Class:20
[2023-09-20 14:16:10.962 +05:30  INF]  ERROR:Notifications/GetFilteredNotifications:System.Data.SqlClient.SqlException (0x80131904): A network-related or instance-specific error occurred while establishing a connection to SQL Server. The server was not found or was not accessible. Verify that the instance name is correct and that SQL Server is configured to allow remote connections. (provider: Named Pipes Provider, error: 40 - Could not open a connection to SQL Server)
 ---> System.ComponentModel.Win32Exception (53): The network path was not found.
   at EmcureNPD.Data.DataAccess.Core.Repositories.Repository`1.GetBySP(String CommandText, CommandType commandType, SqlParameter[] sqlParameters) in D:\work\EmcureGITRepo\EmcureNPD\NPD\EmcureNPD.Data.DataAccess\Core\Repositories\Repository.cs:line 1033
   at EmcureNPD.Business.Core.Implementation.NotificationService.NotificationCountForUser() in D:\work\EmcureGITRepo\EmcureNPD\NPD\EmcureNPD.Business.Core\Implementation\NotificationService.cs:line 330
   at EmcureNPD.API.Controllers.Notificaiton.NotificationController.NotificationsCountUser() in D:\work\EmcureGITRepo\EmcureNPD\NPD\EmcureNPD.API\Controllers\Notificaiton\NotificationController.cs:line 109
ClientConnectionId:00000000-0000-0000-0000-000000000000
Error Number:53,State:0,Class:20
